Total Memory: 15.649063110351562
Free Memory: 4.793731689453125
Platform: win32
Uptime: 1.3026822222222223
CPU Model: 13th Gen Intel(R) Core(TM) i5-1340P

Total Memory: 15.649063110351562
Free Memory: 4.781505584716797
Platform: win32
Uptime: 1.3040711111111112
CPU Model: 13th Gen Intel(R) Core(TM) i5-1340P

Total Memory: 15.649063110351562
Free Memory: 4.7481536865234375
Platform: win32
Uptime: 1.3054641666666666
CPU Model: 13th Gen Intel(R) Core(TM) i5-1340P

Total Memory: 15.649063110351562
Free Memory: 4.745079040527344
Platform: win32
Uptime: 1.3068530555555555
CPU Model: 13th Gen Intel(R) Core(TM) i5-1340P

Total Memory: 15.649063110351562
Free Memory: 4.7498321533203125
Platform: win32
Uptime: 1.308246388888889
CPU Model: 13th Gen Intel(R) Core(TM) i5-1340P

Total Memory: 15.649063110351562
Free Memory: 4.663291931152344
Platform: win32
Uptime: 1.3096397222222222
CPU Model: 13th Gen Intel(R) Core(TM) i5-1340P

Total Memory: 15.649063110351562
Free Memory: 4.652210235595703
Platform: win32
Uptime: 1.3110286111111111
CPU Model: 13th Gen Intel(R) Core(TM) i5-1340P

Total Memory: 15.649063110351562
Free Memory: 4.6645965576171875
Platform: win32
Uptime: 1.3124175
CPU Model: 13th Gen Intel(R) Core(TM) i5-1340P

